Performing C SOURCE FILE Test CMAKE_HAVE_LIBC_PTHREAD failed with the following output:
Change Dir: /home/qidong/Documents/cs184/p4-clothsim-sp20-QidongS/cmake-build-debug/CMakeFiles/CMakeTmp

Run Build Command(s):/usr/bin/gmake cmTC_362a5/fast && /usr/bin/gmake -f CMakeFiles/cmTC_362a5.dir/build.make CMakeFiles/cmTC_362a5.dir/build
gmake[1]: Entering directory '/home/qidong/Documents/cs184/p4-clothsim-sp20-QidongS/cmake-build-debug/CMakeFiles/CMakeTmp'
Building C object CMakeFiles/cmTC_362a5.dir/src.c.o
/usr/bin/cc   -DCMAKE_HAVE_LIBC_PTHREAD   -o CMakeFiles/cmTC_362a5.dir/src.c.o   -c /home/qidong/Documents/cs184/p4-clothsim-sp20-QidongS/cmake-build-debug/CMakeFiles/CMakeTmp/src.c
Linking C executable cmTC_362a5
/home/qidong/clion/bin/cmake/linux/bin/cmake -E cmake_link_script CMakeFiles/cmTC_362a5.dir/link.txt --verbose=1
/usr/bin/cc  -DCMAKE_HAVE_LIBC_PTHREAD    -rdynamic CMakeFiles/cmTC_362a5.dir/src.c.o  -o cmTC_362a5 
/usr/bin/ld: CMakeFiles/cmTC_362a5.dir/src.c.o: in function `main':
src.c:(.text+0x2d): undefined reference to `pthread_create'
/usr/bin/ld: src.c:(.text+0x39): undefined reference to `pthread_detach'
/usr/bin/ld: src.c:(.text+0x4a): undefined reference to `pthread_join'
collect2: error: ld returned 1 exit status
gmake[1]: *** [CMakeFiles/cmTC_362a5.dir/build.make:87: cmTC_362a5] Error 1
gmake[1]: Leaving directory '/home/qidong/Documents/cs184/p4-clothsim-sp20-QidongS/cmake-build-debug/CMakeFiles/CMakeTmp'
gmake: *** [Makefile:121: cmTC_362a5/fast] Error 2


Source file was:
#include <pthread.h>

void* test_func(void* data)
{
  return data;
}

int main(void)
{
  pthread_t thread;
  pthread_create(&thread, NULL, test_func, NULL);
  pthread_detach(thread);
  pthread_join(thread, NULL);
  pthread_atfork(NULL, NULL, NULL);
  pthread_exit(NULL);

  return 0;
}

Determining if the function pthread_create exists in the pthreads failed with the following output:
Change Dir: /home/qidong/Documents/cs184/p4-clothsim-sp20-QidongS/cmake-build-debug/CMakeFiles/CMakeTmp

Run Build Command(s):/usr/bin/gmake cmTC_a2128/fast && /usr/bin/gmake -f CMakeFiles/cmTC_a2128.dir/build.make CMakeFiles/cmTC_a2128.dir/build
gmake[1]: Entering directory '/home/qidong/Documents/cs184/p4-clothsim-sp20-QidongS/cmake-build-debug/CMakeFiles/CMakeTmp'
Building C object CMakeFiles/cmTC_a2128.dir/CheckFunctionExists.c.o
/usr/bin/cc   -DCHECK_FUNCTION_EXISTS=pthread_create   -o CMakeFiles/cmTC_a2128.dir/CheckFunctionExists.c.o   -c /home/qidong/clion/bin/cmake/linux/share/cmake-3.15/Modules/CheckFunctionExists.c
Linking C executable cmTC_a2128
/home/qidong/clion/bin/cmake/linux/bin/cmake -E cmake_link_script CMakeFiles/cmTC_a2128.dir/link.txt --verbose=1
/usr/bin/cc  -DCHECK_FUNCTION_EXISTS=pthread_create    -rdynamic CMakeFiles/cmTC_a2128.dir/CheckFunctionExists.c.o  -o cmTC_a2128 -lpthreads 
/usr/bin/ld: cannot find -lpthreads
collect2: error: ld returned 1 exit status
gmake[1]: *** [CMakeFiles/cmTC_a2128.dir/build.make:87: cmTC_a2128] Error 1
gmake[1]: Leaving directory '/home/qidong/Documents/cs184/p4-clothsim-sp20-QidongS/cmake-build-debug/CMakeFiles/CMakeTmp'
gmake: *** [Makefile:121: cmTC_a2128/fast] Error 2



